<?xml version="1.0" encoding="UTF-8"?>
<testsuite xmlns:xsi="http://www.w3.org/2001/XMLSchema-instance" xsi:noNamespaceSchemaLocation="https://maven.apache.org/surefire/maven-surefire-plugin/xsd/surefire-test-report-3.0.xsd" version="3.0" name="com.projectmanagement.ApiControllerTest" time="35.718" tests="3" errors="0" skipped="0" failures="0">
  <properties>
[...]
</properties>
  <testcase name="registerAndLogin" classname="com.projectmanagement.ApiControllerTest" time="5.444">
    <system-out><![CDATA[23:03:52.464 [main] INFO org.springframework.test.context.support.AnnotationConfigContextLoaderUtils -- Could not detect default configuration classes for test class [com.projectmanagement.ApiControllerTest]: ApiControllerTest does not declare any static, non-private, non-final, nested classes annotated with @Configuration.
23:03:52.886 [main] INFO org.springframework.boot.test.context.SpringBootTestContextBootstrapper -- Found @SpringBootConfiguration com.projectmanagement.ProjectManagementApplication for test class com.projectmanagement.ApiControllerTest

  .   ____          _            __ _ _
 /\\ / ___'_ __ _ _(_)_ __  __ _ \ \ \ \
( ( )\___ | '_ | '_| | '_ \/ _` | \ \ \ \
 \\/  ___)| |_)| | | | | || (_| |  ) ) ) )
  '  |____| .__|_| |_|_| |_\__, | / / / /
 =========|_|==============|___/=/_/_/_/
 :: Spring Boot ::                (v3.2.0)

2026-04-25T23:03:55.784+04:00  INFO 7528 --- [           main] c.projectmanagement.ApiControllerTest    : Starting ApiControllerTest using Java 17.0.18 with PID 7528 (started by LENOVO in D:\Project Management Platform\backend)
2026-04-25T23:03:55.860+04:00  INFO 7528 --- [           main] c.projectmanagement.ApiControllerTest    : No active profile set, falling back to 1 default profile: "default"
2026-04-25T23:03:59.513+04:00  INFO 7528 --- [           main] .s.d.r.c.RepositoryConfigurationDelegate : Bootstrapping Spring Data JPA repositories in DEFAULT mode.
2026-04-25T23:03:59.943+04:00  INFO 7528 --- [           main] .s.d.r.c.RepositoryConfigurationDelegate : Finished Spring Data repository scanning in 403 ms. Found 9 JPA repository interfaces.
2026-04-25T23:04:03.751+04:00  INFO 7528 --- [           main] o.hibernate.jpa.internal.util.LogHelper  : HHH000204: Processing PersistenceUnitInfo [name: default]
2026-04-25T23:04:04.922+04:00  INFO 7528 --- [           main] org.hibernate.Version                    : HHH000412: Hibernate ORM core version 6.3.1.Final
2026-04-25T23:04:05.124+04:00  INFO 7528 --- [           main] o.h.c.internal.RegionFactoryInitiator    : HHH000026: Second-level cache disabled
2026-04-25T23:04:06.587+04:00  INFO 7528 --- [           main] o.s.o.j.p.SpringPersistenceUnitInfo      : No LoadTimeWeaver setup: ignoring JPA class transformer
2026-04-25T23:04:06.692+04:00  INFO 7528 --- [           main] com.zaxxer.hikari.HikariDataSource       : HikariPool-1 - Starting...
2026-04-25T23:04:07.274+04:00  INFO 7528 --- [           main] com.zaxxer.hikari.pool.HikariPool        : HikariPool-1 - Added connection conn0: url=jdbc:h2:mem:testdb user=SA
2026-04-25T23:04:07.283+04:00  INFO 7528 --- [           main] com.zaxxer.hikari.HikariDataSource       : HikariPool-1 - Start completed.
2026-04-25T23:04:10.453+04:00  INFO 7528 --- [           main] o.h.e.t.j.p.i.JtaPlatformInitiator       : HHH000489: No JTA platform available (set 'hibernate.transaction.jta.platform' to enable JTA platform integration)
2026-04-25T23:04:10.711+04:00  INFO 7528 --- [           main] j.LocalContainerEntityManagerFactoryBean : Initialized JPA EntityManagerFactory for persistence unit 'default'
2026-04-25T23:04:13.166+04:00  WARN 7528 --- [           main] JpaBaseConfiguration$JpaWebConfiguration : spring.jpa.open-in-view is enabled by default. Therefore, database queries may be performed during view rendering. Explicitly configure spring.jpa.open-in-view to disable this warning
2026-04-25T23:04:13.241+04:00  WARN 7528 --- [           main] .s.s.UserDetailsServiceAutoConfiguration : 

Using generated security password: f6b7fdd9-2f77-4d3d-ad8a-9875a2e17add

This generated password is for development use only. Your security configuration must be updated before running your application in production.

2026-04-25T23:04:17.514+04:00  INFO 7528 --- [           main] o.s.s.web.DefaultSecurityFilterChain     : Will secure any request with [org.springframework.security.web.session.DisableEncodeUrlFilter@4c231f62, org.springframework.security.web.context.request.async.WebAsyncManagerIntegrationFilter@6888746c, org.springframework.security.web.context.SecurityContextHolderFilter@3b6c55b6, org.springframework.security.web.header.HeaderWriterFilter@4fbed6fc, org.springframework.web.filter.CorsFilter@7bfedfb7, org.springframework.security.web.authentication.logout.LogoutFilter@44b82007, com.projectmanagement.config.AuthFilter@2ffaa711, org.springframework.security.web.savedrequest.RequestCacheAwareFilter@7f38545a, org.springframework.security.web.servletapi.SecurityContextHolderAwareRequestFilter@549be307, org.springframework.security.web.authentication.AnonymousAuthenticationFilter@6d3194ff, org.springframework.security.web.session.SessionManagementFilter@55d776ac, org.springframework.security.web.access.ExceptionTranslationFilter@501956f9, org.springframework.security.web.access.intercept.AuthorizationFilter@2220c5f7]
2026-04-25T23:04:20.712+04:00  INFO 7528 --- [           main] o.s.b.t.m.w.SpringBootMockServletContext : Initializing Spring TestDispatcherServlet ''
2026-04-25T23:04:20.722+04:00  INFO 7528 --- [           main] o.s.t.web.servlet.TestDispatcherServlet  : Initializing Servlet ''
2026-04-25T23:04:20.725+04:00  INFO 7528 --- [           main] o.s.t.web.servlet.TestDispatcherServlet  : Completed initialization in 2 ms
2026-04-25T23:04:20.844+04:00  INFO 7528 --- [           main] c.projectmanagement.ApiControllerTest    : Started ApiControllerTest in 27.291 seconds (process running for 31.007)
]]></system-out>
  </testcase>
  <testcase name="taskUpdatesPersistAcrossFreshFetches" classname="com.projectmanagement.ApiControllerTest" time="0.788"/>
  <testcase name="taskCommentsCanBeCreatedLoadedAndDeletedByAuthorOnly" classname="com.projectmanagement.ApiControllerTest" time="0.377"/>
</testsuite>